Error[1105] C:\microchip\mla\v2013-06-15\Microchip\TCPIP Stack\ENC28J60.c 208 : symbol 'SSP1CON1' has not been defined
Error[1101] C:\microchip\mla\v2013-06-15\Microchip\TCPIP Stack\ENC28J60.c 208 : lvalue required
Error[1105] C:\microchip\mla\v2013-06-15\Microchip\TCPIP Stack\ENC28J60.c 210 : symbol 'SSP1STATbits' has not been defined
Error[1151] C:\microchip\mla\v2013-06-15\Microchip\TCPIP Stack\ENC28J60.c 210 : struct or union object designator expected
Error[1101] C:\microchip\mla\v2013-06-15\Microchip\TCPIP Stack\ENC28J60.c 210 : lvalue required
Error[1105] C:\microchip\mla\v2013-06-15\Microchip\TCPIP Stack\ENC28J60.c 211 : symbol 'SSP1STATbits' has not been defined
Error[1151] C:\microchip\mla\v2013-06-15\Microchip\TCPIP Stack\ENC28J60.c 211 : struct or union object designator expected
Error[1101] C:\microchip\mla\v2013-06-15\Microchip\TCPIP Stack\ENC28J60.c 211 : lvalue required
Error[1105] C:\microchip\mla\v2013-06-15\Microchip\TCPIP Stack\ENC28J60.c 1162 : symbol 'SSP1BUF' has not been defined
Error[1101] C:\microchip\mla\v2013-06-15\Microchip\TCPIP Stack\ENC28J60.c 1162 : lvalue required
Error[1105] C:\microchip\mla\v2013-06-15\Microchip\TCPIP Stack\ENC28J60.c 1164 : symbol 'SSP1BUF' has not been defined
Error[1105] C:\microchip\mla\v2013-06-15\Microchip\TCPIP Stack\ENC28J60.c 1166 : symbol 'SSP1BUF' has not been defined
Error[1101] C:\microchip\mla\v2013-06-15\Microchip\TCPIP Stack\ENC28J60.c 1166 : lvalue required
Error[1105] C:\microchip\mla\v2013-06-15\Microchip\TCPIP Stack\ENC28J60.c 1172 : symbol 'SSP1BUF' has not been defined
Error[1105] C:\microchip\mla\v2013-06-15\Microchip\TCPIP Stack\ENC28J60.c 1249 : symbol 'SSP1BUF' has not been defined
Error[1101] C:\microchip\mla\v2013-06-15\Microchip\TCPIP Stack\ENC28J60.c 1249 : lvalue required
Error[1105] C:\microchip\mla\v2013-06-15\Microchip\TCPIP Stack\ENC28J60.c 1254 : symbol 'SSP1BUF' has not been defined
Error[1105] C:\microchip\mla\v2013-06-15\Microchip\TCPIP Stack\ENC28J60.c 1317 : symbol 'SSP1BUF' has not been defined
Error[1101] C:\microchip\mla\v2013-06-15\Microchip\TCPIP Stack\ENC28J60.c 1317 : lvalue required
Error[1105] C:\microchip\mla\v2013-06-15\Microchip\TCPIP Stack\ENC28J60.c 1323 : symbol 'SSP1BUF' has not been defined
Error[1105] C:\microchip\mla\v2013-06-15\Microchip\TCPIP Stack\ENC28J60.c 1328 : symbol 'SSP1BUF' has not been defined
Error[1105] C:\microchip\mla\v2013-06-15\Microchip\TCPIP Stack\ENC28J60.c 1387 : symbol 'SSP1BUF' has not been defined
Error[1101] C:\microchip\mla\v2013-06-15\Microchip\TCPIP Stack\ENC28J60.c 1387 : lvalue required
Error[1105] C:\microchip\mla\v2013-06-15\Microchip\TCPIP Stack\ENC28J60.c 1389 : symbol 'SSP1BUF' has not been defined
Error[1105] C:\microchip\mla\v2013-06-15\Microchip\TCPIP Stack\ENC28J60.c 1390 : symbol 'SSP1BUF' has not been defined
